
*** Running vivado
    with args -log TopLevel_wrapper.vds -m64 -product Vivado -mode batch -messageDb vivado.pb -notrace -source TopLevel_wrapper.tcl



****** Vivado v2021.2 (64-bit)
  **** SW Build 3367213 on Tue Oct 19 02:48:09 MDT 2021
  **** IP Build 3369179 on Thu Oct 21 08:25:16 MDT 2021
    ** Copyright 1986-2021 Xilinx, Inc. All Rights Reserved.

source TopLevel_wrapper.tcl -notrace
create_project: Time (s): cpu = 00:00:05 ; elapsed = 00:00:06 . Memory (MB): peak = 1367.656 ; gain = 0.000
INFO: [IP_Flow 19-234] Refreshing IP repositories
INFO: [IP_Flow 19-1700] Loaded user IP repository 'c:/Users/pr3de/Documents/MASA/ECE475Project/ip_repo/RSA_1.0'.
INFO: [IP_Flow 19-1700] Loaded user IP repository 'c:/Users/pr3de/Documents/MASA/vivado-library'.
INFO: [IP_Flow 19-2313] Loaded Vivado IP repository 'C:/Xilinx/Vivado/2021.2/data/ip'.
Command: read_checkpoint -auto_incremental -incremental C:/Users/pr3de/Documents/MASA/ECE475Project/ECE475Project.srcs/utils_1/imports/synth_1/TopLevel_wrapper.dcp
INFO: [Vivado 12-5825] Read reference checkpoint from C:/Users/pr3de/Documents/MASA/ECE475Project/ECE475Project.srcs/utils_1/imports/synth_1/TopLevel_wrapper.dcp for incremental synthesis
INFO: [Vivado 12-7989] Please ensure there are no constraint changes
Command: synth_design -top TopLevel_wrapper -part xc7a35ticsg324-1L
Starting synth_design
Attempting to get a license for feature 'Synthesis' and/or device 'xc7a35ti'
INFO: [Common 17-349] Got license for feature 'Synthesis' and/or device 'xc7a35ti'
INFO: [Device 21-403] Loading part xc7a35ticsg324-1L
WARNING: [Designutils 20-4072] Reference run did not run incremental synthesis because the design is too small; reverting to default synthesis
INFO: [Designutils 20-4379] Flow is switching to default flow due to incremental criteria not met. If you would like to alter this behaviour and have the flow terminate instead, please set the following parameter config_implementation {autoIncr.Synth.RejectBehavior Terminate}
INFO: [Synth 8-7079] Multithreading enabled for synth_design using a maximum of 2 processes.
INFO: [Synth 8-7078] Launching helper process for spawning children vivado processes
INFO: [Synth 8-7075] Helper process launched with PID 24248
---------------------------------------------------------------------------------
Starting RTL Elaboration : Time (s): cpu = 00:00:07 ; elapsed = 00:00:07 . Memory (MB): peak = 1367.656 ; gain = 0.000
---------------------------------------------------------------------------------
INFO: [Synth 8-638] synthesizing module 'TopLevel_wrapper' [C:/Users/pr3de/Documents/MASA/ECE475Project/ECE475Project.gen/sources_1/bd/TopLevel/hdl/TopLevel_wrapper.vhd:25]
INFO: [Synth 8-3491] module 'TopLevel' declared at 'c:/Users/pr3de/Documents/MASA/ECE475Project/ECE475Project.gen/sources_1/bd/TopLevel/synth/TopLevel.vhd:1378' bound to instance 'TopLevel_i' of component 'TopLevel' [C:/Users/pr3de/Documents/MASA/ECE475Project/ECE475Project.gen/sources_1/bd/TopLevel/hdl/TopLevel_wrapper.vhd:37]
INFO: [Synth 8-638] synthesizing module 'TopLevel' [c:/Users/pr3de/Documents/MASA/ECE475Project/ECE475Project.gen/sources_1/bd/TopLevel/synth/TopLevel.vhd:1393]
INFO: [Synth 8-3491] module 'TopLevel_RSA_0_1' declared at 'C:/Users/pr3de/Documents/MASA/ECE475Project/ECE475Project.runs/synth_1/.Xil/Vivado-24032-DESKTOP-196RP5R/realtime/TopLevel_RSA_0_1_stub.vhdl:5' bound to instance 'RSA_0' of component 'TopLevel_RSA_0_1' [c:/Users/pr3de/Documents/MASA/ECE475Project/ECE475Project.gen/sources_1/bd/TopLevel/synth/TopLevel.vhd:1662]
INFO: [Synth 8-638] synthesizing module 'TopLevel_RSA_0_1' [C:/Users/pr3de/Documents/MASA/ECE475Project/ECE475Project.runs/synth_1/.Xil/Vivado-24032-DESKTOP-196RP5R/realtime/TopLevel_RSA_0_1_stub.vhdl:32]
INFO: [Synth 8-3491] module 'TopLevel_axi_uartlite_0_0' declared at 'C:/Users/pr3de/Documents/MASA/ECE475Project/ECE475Project.runs/synth_1/.Xil/Vivado-24032-DESKTOP-196RP5R/realtime/TopLevel_axi_uartlite_0_0_stub.vhdl:5' bound to instance 'axi_uartlite_0' of component 'TopLevel_axi_uartlite_0_0' [c:/Users/pr3de/Documents/MASA/ECE475Project/ECE475Project.gen/sources_1/bd/TopLevel/synth/TopLevel.vhd:1686]
INFO: [Synth 8-638] synthesizing module 'TopLevel_axi_uartlite_0_0' [C:/Users/pr3de/Documents/MASA/ECE475Project/ECE475Project.runs/synth_1/.Xil/Vivado-24032-DESKTOP-196RP5R/realtime/TopLevel_axi_uartlite_0_0_stub.vhdl:33]
INFO: [Synth 8-3491] module 'TopLevel_clk_wiz_0_0' declared at 'C:/Users/pr3de/Documents/MASA/ECE475Project/ECE475Project.runs/synth_1/.Xil/Vivado-24032-DESKTOP-196RP5R/realtime/TopLevel_clk_wiz_0_0_stub.vhdl:5' bound to instance 'clk_wiz_0' of component 'TopLevel_clk_wiz_0_0' [c:/Users/pr3de/Documents/MASA/ECE475Project/ECE475Project.gen/sources_1/bd/TopLevel/synth/TopLevel.vhd:1711]
INFO: [Synth 8-638] synthesizing module 'TopLevel_clk_wiz_0_0' [C:/Users/pr3de/Documents/MASA/ECE475Project/ECE475Project.runs/synth_1/.Xil/Vivado-24032-DESKTOP-196RP5R/realtime/TopLevel_clk_wiz_0_0_stub.vhdl:15]
INFO: [Synth 8-3491] module 'TopLevel_mdm_1_0' declared at 'C:/Users/pr3de/Documents/MASA/ECE475Project/ECE475Project.runs/synth_1/.Xil/Vivado-24032-DESKTOP-196RP5R/realtime/TopLevel_mdm_1_0_stub.vhdl:5' bound to instance 'mdm_1' of component 'TopLevel_mdm_1_0' [c:/Users/pr3de/Documents/MASA/ECE475Project/ECE475Project.gen/sources_1/bd/TopLevel/synth/TopLevel.vhd:1718]
INFO: [Synth 8-638] synthesizing module 'TopLevel_mdm_1_0' [C:/Users/pr3de/Documents/MASA/ECE475Project/ECE475Project.runs/synth_1/.Xil/Vivado-24032-DESKTOP-196RP5R/realtime/TopLevel_mdm_1_0_stub.vhdl:21]
INFO: [Synth 8-3491] module 'TopLevel_microblaze_0_0' declared at 'C:/Users/pr3de/Documents/MASA/ECE475Project/ECE475Project.runs/synth_1/.Xil/Vivado-24032-DESKTOP-196RP5R/realtime/TopLevel_microblaze_0_0_stub.vhdl:5' bound to instance 'microblaze_0' of component 'TopLevel_microblaze_0_0' [c:/Users/pr3de/Documents/MASA/ECE475Project/ECE475Project.gen/sources_1/bd/TopLevel/synth/TopLevel.vhd:1731]
INFO: [Synth 8-638] synthesizing module 'TopLevel_microblaze_0_0' [C:/Users/pr3de/Documents/MASA/ECE475Project/ECE475Project.runs/synth_1/.Xil/Vivado-24032-DESKTOP-196RP5R/realtime/TopLevel_microblaze_0_0_stub.vhdl:63]
INFO: [Synth 8-638] synthesizing module 'TopLevel_microblaze_0_axi_periph_0' [c:/Users/pr3de/Documents/MASA/ECE475Project/ECE475Project.gen/sources_1/bd/TopLevel/synth/TopLevel.vhd:963]
INFO: [Synth 8-638] synthesizing module 'm00_couplers_imp_G1TDXI' [c:/Users/pr3de/Documents/MASA/ECE475Project/ECE475Project.gen/sources_1/bd/TopLevel/synth/TopLevel.vhd:57]
INFO: [Synth 8-256] done synthesizing module 'm00_couplers_imp_G1TDXI' (1#1) [c:/Users/pr3de/Documents/MASA/ECE475Project/ECE475Project.gen/sources_1/bd/TopLevel/synth/TopLevel.vhd:57]
INFO: [Synth 8-638] synthesizing module 'm01_couplers_imp_1NIZMEF' [c:/Users/pr3de/Documents/MASA/ECE475Project/ECE475Project.gen/sources_1/bd/TopLevel/synth/TopLevel.vhd:162]
INFO: [Synth 8-256] done synthesizing module 'm01_couplers_imp_1NIZMEF' (2#1) [c:/Users/pr3de/Documents/MASA/ECE475Project/ECE475Project.gen/sources_1/bd/TopLevel/synth/TopLevel.vhd:162]
INFO: [Synth 8-638] synthesizing module 's00_couplers_imp_1HITCW4' [c:/Users/pr3de/Documents/MASA/ECE475Project/ECE475Project.gen/sources_1/bd/TopLevel/synth/TopLevel.vhd:831]
INFO: [Synth 8-256] done synthesizing module 's00_couplers_imp_1HITCW4' (3#1) [c:/Users/pr3de/Documents/MASA/ECE475Project/ECE475Project.gen/sources_1/bd/TopLevel/synth/TopLevel.vhd:831]
INFO: [Synth 8-3491] module 'TopLevel_xbar_0' declared at 'C:/Users/pr3de/Documents/MASA/ECE475Project/ECE475Project.runs/synth_1/.Xil/Vivado-24032-DESKTOP-196RP5R/realtime/TopLevel_xbar_0_stub.vhdl:5' bound to instance 'xbar' of component 'TopLevel_xbar_0' [c:/Users/pr3de/Documents/MASA/ECE475Project/ECE475Project.gen/sources_1/bd/TopLevel/synth/TopLevel.vhd:1311]
INFO: [Synth 8-638] synthesizing module 'TopLevel_xbar_0' [C:/Users/pr3de/Documents/MASA/ECE475Project/ECE475Project.runs/synth_1/.Xil/Vivado-24032-DESKTOP-196RP5R/realtime/TopLevel_xbar_0_stub.vhdl:51]
INFO: [Synth 8-256] done synthesizing module 'TopLevel_microblaze_0_axi_periph_0' (4#1) [c:/Users/pr3de/Documents/MASA/ECE475Project/ECE475Project.gen/sources_1/bd/TopLevel/synth/TopLevel.vhd:963]
INFO: [Synth 8-638] synthesizing module 'microblaze_0_local_memory_imp_1UI2KCI' [c:/Users/pr3de/Documents/MASA/ECE475Project/ECE475Project.gen/sources_1/bd/TopLevel/synth/TopLevel.vhd:252]
INFO: [Synth 8-3491] module 'TopLevel_dlmb_bram_if_cntlr_0' declared at 'C:/Users/pr3de/Documents/MASA/ECE475Project/ECE475Project.runs/synth_1/.Xil/Vivado-24032-DESKTOP-196RP5R/realtime/TopLevel_dlmb_bram_if_cntlr_0_stub.vhdl:5' bound to instance 'dlmb_bram_if_cntlr' of component 'TopLevel_dlmb_bram_if_cntlr_0' [c:/Users/pr3de/Documents/MASA/ECE475Project/ECE475Project.gen/sources_1/bd/TopLevel/synth/TopLevel.vhd:466]
INFO: [Synth 8-638] synthesizing module 'TopLevel_dlmb_bram_if_cntlr_0' [C:/Users/pr3de/Documents/MASA/ECE475Project/ECE475Project.runs/synth_1/.Xil/Vivado-24032-DESKTOP-196RP5R/realtime/TopLevel_dlmb_bram_if_cntlr_0_stub.vhdl:31]
INFO: [Synth 8-3491] module 'TopLevel_dlmb_v10_0' declared at 'C:/Users/pr3de/Documents/MASA/ECE475Project/ECE475Project.runs/synth_1/.Xil/Vivado-24032-DESKTOP-196RP5R/realtime/TopLevel_dlmb_v10_0_stub.vhdl:5' bound to instance 'dlmb_v10' of component 'TopLevel_dlmb_v10_0' [c:/Users/pr3de/Documents/MASA/ECE475Project/ECE475Project.gen/sources_1/bd/TopLevel/synth/TopLevel.vhd:520]
INFO: [Synth 8-638] synthesizing module 'TopLevel_dlmb_v10_0' [C:/Users/pr3de/Documents/MASA/ECE475Project/ECE475Project.runs/synth_1/.Xil/Vivado-24032-DESKTOP-196RP5R/realtime/TopLevel_dlmb_v10_0_stub.vhdl:36]
INFO: [Synth 8-3491] module 'TopLevel_ilmb_bram_if_cntlr_0' declared at 'C:/Users/pr3de/Documents/MASA/ECE475Project/ECE475Project.runs/synth_1/.Xil/Vivado-24032-DESKTOP-196RP5R/realtime/TopLevel_ilmb_bram_if_cntlr_0_stub.vhdl:5' bound to instance 'ilmb_bram_if_cntlr' of component 'TopLevel_ilmb_bram_if_cntlr_0' [c:/Users/pr3de/Documents/MASA/ECE475Project/ECE475Project.gen/sources_1/bd/TopLevel/synth/TopLevel.vhd:548]
INFO: [Synth 8-638] synthesizing module 'TopLevel_ilmb_bram_if_cntlr_0' [C:/Users/pr3de/Documents/MASA/ECE475Project/ECE475Project.runs/synth_1/.Xil/Vivado-24032-DESKTOP-196RP5R/realtime/TopLevel_ilmb_bram_if_cntlr_0_stub.vhdl:31]
INFO: [Synth 8-3491] module 'TopLevel_ilmb_v10_0' declared at 'C:/Users/pr3de/Documents/MASA/ECE475Project/ECE475Project.runs/synth_1/.Xil/Vivado-24032-DESKTOP-196RP5R/realtime/TopLevel_ilmb_v10_0_stub.vhdl:5' bound to instance 'ilmb_v10' of component 'TopLevel_ilmb_v10_0' [c:/Users/pr3de/Documents/MASA/ECE475Project/ECE475Project.gen/sources_1/bd/TopLevel/synth/TopLevel.vhd:602]
INFO: [Synth 8-638] synthesizing module 'TopLevel_ilmb_v10_0' [C:/Users/pr3de/Documents/MASA/ECE475Project/ECE475Project.runs/synth_1/.Xil/Vivado-24032-DESKTOP-196RP5R/realtime/TopLevel_ilmb_v10_0_stub.vhdl:36]
INFO: [Synth 8-3491] module 'TopLevel_lmb_bram_0' declared at 'C:/Users/pr3de/Documents/MASA/ECE475Project/ECE475Project.runs/synth_1/.Xil/Vivado-24032-DESKTOP-196RP5R/realtime/TopLevel_lmb_bram_0_stub.vhdl:5' bound to instance 'lmb_bram' of component 'TopLevel_lmb_bram_0' [c:/Users/pr3de/Documents/MASA/ECE475Project/ECE475Project.gen/sources_1/bd/TopLevel/synth/TopLevel.vhd:630]
INFO: [Synth 8-638] synthesizing module 'TopLevel_lmb_bram_0' [C:/Users/pr3de/Documents/MASA/ECE475Project/ECE475Project.runs/synth_1/.Xil/Vivado-24032-DESKTOP-196RP5R/realtime/TopLevel_lmb_bram_0_stub.vhdl:27]
INFO: [Synth 8-256] done synthesizing module 'microblaze_0_local_memory_imp_1UI2KCI' (5#1) [c:/Users/pr3de/Documents/MASA/ECE475Project/ECE475Project.gen/sources_1/bd/TopLevel/synth/TopLevel.vhd:252]
INFO: [Synth 8-3491] module 'TopLevel_reset_inv_0_0' declared at 'C:/Users/pr3de/Documents/MASA/ECE475Project/ECE475Project.runs/synth_1/.Xil/Vivado-24032-DESKTOP-196RP5R/realtime/TopLevel_reset_inv_0_0_stub.vhdl:5' bound to instance 'reset_inv_0' of component 'TopLevel_reset_inv_0_0' [c:/Users/pr3de/Documents/MASA/ECE475Project/ECE475Project.gen/sources_1/bd/TopLevel/synth/TopLevel.vhd:1876]
INFO: [Synth 8-638] synthesizing module 'TopLevel_reset_inv_0_0' [C:/Users/pr3de/Documents/MASA/ECE475Project/ECE475Project.runs/synth_1/.Xil/Vivado-24032-DESKTOP-196RP5R/realtime/TopLevel_reset_inv_0_0_stub.vhdl:13]
INFO: [Synth 8-3491] module 'TopLevel_rst_clk_wiz_0_100M_0' declared at 'C:/Users/pr3de/Documents/MASA/ECE475Project/ECE475Project.runs/synth_1/.Xil/Vivado-24032-DESKTOP-196RP5R/realtime/TopLevel_rst_clk_wiz_0_100M_0_stub.vhdl:5' bound to instance 'rst_clk_wiz_0_100M' of component 'TopLevel_rst_clk_wiz_0_100M_0' [c:/Users/pr3de/Documents/MASA/ECE475Project/ECE475Project.gen/sources_1/bd/TopLevel/synth/TopLevel.vhd:1881]
INFO: [Synth 8-638] synthesizing module 'TopLevel_rst_clk_wiz_0_100M_0' [C:/Users/pr3de/Documents/MASA/ECE475Project/ECE475Project.runs/synth_1/.Xil/Vivado-24032-DESKTOP-196RP5R/realtime/TopLevel_rst_clk_wiz_0_100M_0_stub.vhdl:21]
INFO: [Synth 8-256] done synthesizing module 'TopLevel' (6#1) [c:/Users/pr3de/Documents/MASA/ECE475Project/ECE475Project.gen/sources_1/bd/TopLevel/synth/TopLevel.vhd:1393]
INFO: [Synth 8-256] done synthesizing module 'TopLevel_wrapper' (7#1) [C:/Users/pr3de/Documents/MASA/ECE475Project/ECE475Project.gen/sources_1/bd/TopLevel/hdl/TopLevel_wrapper.vhd:25]
WARNING: [Synth 8-7129] Port M_ACLK in module s00_couplers_imp_1HITCW4 is either unconnected or has no load
WARNING: [Synth 8-7129] Port M_ARESETN in module s00_couplers_imp_1HITCW4 is either unconnected or has no load
WARNING: [Synth 8-7129] Port S_ACLK in module s00_couplers_imp_1HITCW4 is either unconnected or has no load
WARNING: [Synth 8-7129] Port S_ARESETN in module s00_couplers_imp_1HITCW4 is either unconnected or has no load
WARNING: [Synth 8-7129] Port M_ACLK in module m01_couplers_imp_1NIZMEF is either unconnected or has no load
WARNING: [Synth 8-7129] Port M_ARESETN in module m01_couplers_imp_1NIZMEF is either unconnected or has no load
WARNING: [Synth 8-7129] Port S_ACLK in module m01_couplers_imp_1NIZMEF is either unconnected or has no load
WARNING: [Synth 8-7129] Port S_ARESETN in module m01_couplers_imp_1NIZMEF is either unconnected or has no load
WARNING: [Synth 8-7129] Port M_ACLK in module m00_couplers_imp_G1TDXI is either unconnected or has no load
WARNING: [Synth 8-7129] Port M_ARESETN in module m00_couplers_imp_G1TDXI is either unconnected or has no load
WARNING: [Synth 8-7129] Port S_ACLK in module m00_couplers_imp_G1TDXI is either unconnected or has no load
WARNING: [Synth 8-7129] Port S_ARESETN in module m00_couplers_imp_G1TDXI is either unconnected or has no load
WARNING: [Synth 8-7129] Port M00_ACLK in module TopLevel_microblaze_0_axi_periph_0 is either unconnected or has no load
WARNING: [Synth 8-7129] Port M00_ARESETN in module TopLevel_microblaze_0_axi_periph_0 is either unconnected or has no load
WARNING: [Synth 8-7129] Port M01_ACLK in module TopLevel_microblaze_0_axi_periph_0 is either unconnected or has no load
WARNING: [Synth 8-7129] Port M01_ARESETN in module TopLevel_microblaze_0_axi_periph_0 is either unconnected or has no load
WARNING: [Synth 8-7129] Port S00_ACLK in module TopLevel_microblaze_0_axi_periph_0 is either unconnected or has no load
WARNING: [Synth 8-7129] Port S00_ARESETN in module TopLevel_microblaze_0_axi_periph_0 is either unconnected or has no load
WARNING: [Synth 8-7129] Port clk_ref_i in module TopLevel is either unconnected or has no load
WARNING: [Synth 8-7129] Port sys_clk_i in module TopLevel is either unconnected or has no load
---------------------------------------------------------------------------------
Finished RTL Elaboration : Time (s): cpu = 00:00:11 ; elapsed = 00:00:11 . Memory (MB): peak = 1367.656 ; gain = 0.000
---------------------------------------------------------------------------------
---------------------------------------------------------------------------------
Start Handling Custom Attributes
---------------------------------------------------------------------------------
---------------------------------------------------------------------------------
Finished Handling Custom Attributes : Time (s): cpu = 00:00:13 ; elapsed = 00:00:13 . Memory (MB): peak = 1367.656 ; gain = 0.000
---------------------------------------------------------------------------------
---------------------------------------------------------------------------------
Finished RTL Optimization Phase 1 : Time (s): cpu = 00:00:13 ; elapsed = 00:00:13 . Memory (MB): peak = 1367.656 ; gain = 0.000
---------------------------------------------------------------------------------
Netlist sorting complete. Time (s): cpu = 00:00:00 ; elapsed = 00:00:00.102 . Memory (MB): peak = 1367.656 ; gain = 0.000
INFO: [Project 1-570] Preparing netlist for logic optimization

Processing XDC Constraints
Initializing timing engine
Parsing XDC File [c:/Users/pr3de/Documents/MASA/ECE475Project/ECE475Project.gen/sources_1/bd/TopLevel/ip/TopLevel_clk_wiz_0_0/TopLevel_clk_wiz_0_0/TopLevel_clk_wiz_0_0_in_context.xdc] for cell 'TopLevel_i/clk_wiz_0'
Finished Parsing XDC File [c:/Users/pr3de/Documents/MASA/ECE475Project/ECE475Project.gen/sources_1/bd/TopLevel/ip/TopLevel_clk_wiz_0_0/TopLevel_clk_wiz_0_0/TopLevel_clk_wiz_0_0_in_context.xdc] for cell 'TopLevel_i/clk_wiz_0'
Parsing XDC File [c:/Users/pr3de/Documents/MASA/ECE475Project/ECE475Project.gen/sources_1/bd/TopLevel/ip/TopLevel_reset_inv_0_0/TopLevel_reset_inv_0_0/TopLevel_reset_inv_0_0_in_context.xdc] for cell 'TopLevel_i/reset_inv_0'
Finished Parsing XDC File [c:/Users/pr3de/Documents/MASA/ECE475Project/ECE475Project.gen/sources_1/bd/TopLevel/ip/TopLevel_reset_inv_0_0/TopLevel_reset_inv_0_0/TopLevel_reset_inv_0_0_in_context.xdc] for cell 'TopLevel_i/reset_inv_0'
Parsing XDC File [c:/Users/pr3de/Documents/MASA/ECE475Project/ECE475Project.gen/sources_1/bd/TopLevel/ip/TopLevel_axi_uartlite_0_0/TopLevel_axi_uartlite_0_0/TopLevel_axi_uartlite_0_0_in_context.xdc] for cell 'TopLevel_i/axi_uartlite_0'
Finished Parsing XDC File [c:/Users/pr3de/Documents/MASA/ECE475Project/ECE475Project.gen/sources_1/bd/TopLevel/ip/TopLevel_axi_uartlite_0_0/TopLevel_axi_uartlite_0_0/TopLevel_axi_uartlite_0_0_in_context.xdc] for cell 'TopLevel_i/axi_uartlite_0'
Parsing XDC File [c:/Users/pr3de/Documents/MASA/ECE475Project/ECE475Project.gen/sources_1/bd/TopLevel/ip/TopLevel_microblaze_0_0/TopLevel_microblaze_0_0/TopLevel_microblaze_0_0_in_context.xdc] for cell 'TopLevel_i/microblaze_0'
Finished Parsing XDC File [c:/Users/pr3de/Documents/MASA/ECE475Project/ECE475Project.gen/sources_1/bd/TopLevel/ip/TopLevel_microblaze_0_0/TopLevel_microblaze_0_0/TopLevel_microblaze_0_0_in_context.xdc] for cell 'TopLevel_i/microblaze_0'
Parsing XDC File [c:/Users/pr3de/Documents/MASA/ECE475Project/ECE475Project.gen/sources_1/bd/TopLevel/ip/TopLevel_dlmb_v10_0/TopLevel_dlmb_v10_0/TopLevel_dlmb_v10_0_in_context.xdc] for cell 'TopLevel_i/microblaze_0_local_memory/dlmb_v10'
Finished Parsing XDC File [c:/Users/pr3de/Documents/MASA/ECE475Project/ECE475Project.gen/sources_1/bd/TopLevel/ip/TopLevel_dlmb_v10_0/TopLevel_dlmb_v10_0/TopLevel_dlmb_v10_0_in_context.xdc] for cell 'TopLevel_i/microblaze_0_local_memory/dlmb_v10'
Parsing XDC File [c:/Users/pr3de/Documents/MASA/ECE475Project/ECE475Project.gen/sources_1/bd/TopLevel/ip/TopLevel_ilmb_v10_0/TopLevel_ilmb_v10_0/TopLevel_dlmb_v10_0_in_context.xdc] for cell 'TopLevel_i/microblaze_0_local_memory/ilmb_v10'
Finished Parsing XDC File [c:/Users/pr3de/Documents/MASA/ECE475Project/ECE475Project.gen/sources_1/bd/TopLevel/ip/TopLevel_ilmb_v10_0/TopLevel_ilmb_v10_0/TopLevel_dlmb_v10_0_in_context.xdc] for cell 'TopLevel_i/microblaze_0_local_memory/ilmb_v10'
Parsing XDC File [c:/Users/pr3de/Documents/MASA/ECE475Project/ECE475Project.gen/sources_1/bd/TopLevel/ip/TopLevel_dlmb_bram_if_cntlr_0/TopLevel_dlmb_bram_if_cntlr_0/TopLevel_dlmb_bram_if_cntlr_0_in_context.xdc] for cell 'TopLevel_i/microblaze_0_local_memory/dlmb_bram_if_cntlr'
Finished Parsing XDC File [c:/Users/pr3de/Documents/MASA/ECE475Project/ECE475Project.gen/sources_1/bd/TopLevel/ip/TopLevel_dlmb_bram_if_cntlr_0/TopLevel_dlmb_bram_if_cntlr_0/TopLevel_dlmb_bram_if_cntlr_0_in_context.xdc] for cell 'TopLevel_i/microblaze_0_local_memory/dlmb_bram_if_cntlr'
Parsing XDC File [c:/Users/pr3de/Documents/MASA/ECE475Project/ECE475Project.gen/sources_1/bd/TopLevel/ip/TopLevel_ilmb_bram_if_cntlr_0/TopLevel_ilmb_bram_if_cntlr_0/TopLevel_ilmb_bram_if_cntlr_0_in_context.xdc] for cell 'TopLevel_i/microblaze_0_local_memory/ilmb_bram_if_cntlr'
Finished Parsing XDC File [c:/Users/pr3de/Documents/MASA/ECE475Project/ECE475Project.gen/sources_1/bd/TopLevel/ip/TopLevel_ilmb_bram_if_cntlr_0/TopLevel_ilmb_bram_if_cntlr_0/TopLevel_ilmb_bram_if_cntlr_0_in_context.xdc] for cell 'TopLevel_i/microblaze_0_local_memory/ilmb_bram_if_cntlr'
Parsing XDC File [c:/Users/pr3de/Documents/MASA/ECE475Project/ECE475Project.gen/sources_1/bd/TopLevel/ip/TopLevel_lmb_bram_0/TopLevel_lmb_bram_0/TopLevel_lmb_bram_0_in_context.xdc] for cell 'TopLevel_i/microblaze_0_local_memory/lmb_bram'
Finished Parsing XDC File [c:/Users/pr3de/Documents/MASA/ECE475Project/ECE475Project.gen/sources_1/bd/TopLevel/ip/TopLevel_lmb_bram_0/TopLevel_lmb_bram_0/TopLevel_lmb_bram_0_in_context.xdc] for cell 'TopLevel_i/microblaze_0_local_memory/lmb_bram'
Parsing XDC File [c:/Users/pr3de/Documents/MASA/ECE475Project/ECE475Project.gen/sources_1/bd/TopLevel/ip/TopLevel_mdm_1_0/TopLevel_mdm_1_0/TopLevel_mdm_1_0_in_context.xdc] for cell 'TopLevel_i/mdm_1'
Finished Parsing XDC File [c:/Users/pr3de/Documents/MASA/ECE475Project/ECE475Project.gen/sources_1/bd/TopLevel/ip/TopLevel_mdm_1_0/TopLevel_mdm_1_0/TopLevel_mdm_1_0_in_context.xdc] for cell 'TopLevel_i/mdm_1'
Parsing XDC File [c:/Users/pr3de/Documents/MASA/ECE475Project/ECE475Project.gen/sources_1/bd/TopLevel/ip/TopLevel_rst_clk_wiz_0_100M_0/TopLevel_rst_clk_wiz_0_100M_0/TopLevel_rst_clk_wiz_0_100M_0_in_context.xdc] for cell 'TopLevel_i/rst_clk_wiz_0_100M'
Finished Parsing XDC File [c:/Users/pr3de/Documents/MASA/ECE475Project/ECE475Project.gen/sources_1/bd/TopLevel/ip/TopLevel_rst_clk_wiz_0_100M_0/TopLevel_rst_clk_wiz_0_100M_0/TopLevel_rst_clk_wiz_0_100M_0_in_context.xdc] for cell 'TopLevel_i/rst_clk_wiz_0_100M'
Parsing XDC File [c:/Users/pr3de/Documents/MASA/ECE475Project/ECE475Project.gen/sources_1/bd/TopLevel/ip/TopLevel_xbar_0/TopLevel_xbar_0/TopLevel_xbar_0_in_context.xdc] for cell 'TopLevel_i/microblaze_0_axi_periph/xbar'
Finished Parsing XDC File [c:/Users/pr3de/Documents/MASA/ECE475Project/ECE475Project.gen/sources_1/bd/TopLevel/ip/TopLevel_xbar_0/TopLevel_xbar_0/TopLevel_xbar_0_in_context.xdc] for cell 'TopLevel_i/microblaze_0_axi_periph/xbar'
Parsing XDC File [c:/Users/pr3de/Documents/MASA/ECE475Project/ECE475Project.gen/sources_1/bd/TopLevel/ip/TopLevel_RSA_0_1/TopLevel_RSA_0_1/TopLevel_RSA_0_1_in_context.xdc] for cell 'TopLevel_i/RSA_0'
Finished Parsing XDC File [c:/Users/pr3de/Documents/MASA/ECE475Project/ECE475Project.gen/sources_1/bd/TopLevel/ip/TopLevel_RSA_0_1/TopLevel_RSA_0_1/TopLevel_RSA_0_1_in_context.xdc] for cell 'TopLevel_i/RSA_0'
Parsing XDC File [C:/Users/pr3de/Documents/MASA/ECE475Project/ECE475Project.runs/synth_1/dont_touch.xdc]
Finished Parsing XDC File [C:/Users/pr3de/Documents/MASA/ECE475Project/ECE475Project.runs/synth_1/dont_touch.xdc]
Completed Processing XDC Constraints

Netlist sorting complete. Time (s): cpu = 00:00:00 ; elapsed = 00:00:00.001 . Memory (MB): peak = 1367.656 ; gain = 0.000
INFO: [Project 1-111] Unisim Transformation Summary:
No Unisim elements were transformed.

Constraint Validation Runtime : Time (s): cpu = 00:00:00 ; elapsed = 00:00:00.014 . Memory (MB): peak = 1367.656 ; gain = 0.000
WARNING: [Designutils 20-4072] Reference run did not run incremental synthesis because the design is too small; reverting to default synthesis
INFO: [Designutils 20-4379] Flow is switching to default flow due to incremental criteria not met. If you would like to alter this behaviour and have the flow terminate instead, please set the following parameter config_implementation {autoIncr.Synth.RejectBehavior Terminate}
---------------------------------------------------------------------------------
Finished Constraint Validation : Time (s): cpu = 00:00:24 ; elapsed = 00:00:25 . Memory (MB): peak = 1367.656 ; gain = 0.000
---------------------------------------------------------------------------------
---------------------------------------------------------------------------------
Start Loading Part and Timing Information
---------------------------------------------------------------------------------
Loading part: xc7a35ticsg324-1L
---------------------------------------------------------------------------------
Finished Loading Part and Timing Information : Time (s): cpu = 00:00:24 ; elapsed = 00:00:25 . Memory (MB): peak = 1367.656 ; gain = 0.000
---------------------------------------------------------------------------------
---------------------------------------------------------------------------------
Start Applying 'set_property' XDC Constraints
---------------------------------------------------------------------------------
Applied set_property IO_BUFFER_TYPE = NONE for sys_clock. (constraint file  c:/Users/pr3de/Documents/MASA/ECE475Project/ECE475Project.gen/sources_1/bd/TopLevel/ip/TopLevel_clk_wiz_0_0/TopLevel_clk_wiz_0_0/TopLevel_clk_wiz_0_0_in_context.xdc, line 3).
Applied set_property CLOCK_BUFFER_TYPE = NONE for sys_clock. (constraint file  c:/Users/pr3de/Documents/MASA/ECE475Project/ECE475Project.gen/sources_1/bd/TopLevel/ip/TopLevel_clk_wiz_0_0/TopLevel_clk_wiz_0_0/TopLevel_clk_wiz_0_0_in_context.xdc, line 4).
Applied set_property KEEP_HIERARCHY = SOFT for TopLevel_i. (constraint file  auto generated constraint).
Applied set_property KEEP_HIERARCHY = SOFT for TopLevel_i/clk_wiz_0. (constraint file  auto generated constraint).
Applied set_property KEEP_HIERARCHY = SOFT for TopLevel_i/reset_inv_0. (constraint file  auto generated constraint).
Applied set_property KEEP_HIERARCHY = SOFT for TopLevel_i/axi_uartlite_0. (constraint file  auto generated constraint).
Applied set_property KEEP_HIERARCHY = SOFT for TopLevel_i/microblaze_0. (constraint file  auto generated constraint).
Applied set_property KEEP_HIERARCHY = SOFT for TopLevel_i/microblaze_0_local_memory/dlmb_v10. (constraint file  auto generated constraint).
Applied set_property KEEP_HIERARCHY = SOFT for TopLevel_i/microblaze_0_local_memory/ilmb_v10. (constraint file  auto generated constraint).
Applied set_property KEEP_HIERARCHY = SOFT for TopLevel_i/microblaze_0_local_memory/dlmb_bram_if_cntlr. (constraint file  auto generated constraint).
Applied set_property KEEP_HIERARCHY = SOFT for TopLevel_i/microblaze_0_local_memory/ilmb_bram_if_cntlr. (constraint file  auto generated constraint).
Applied set_property KEEP_HIERARCHY = SOFT for TopLevel_i/microblaze_0_local_memory/lmb_bram. (constraint file  auto generated constraint).
Applied set_property KEEP_HIERARCHY = SOFT for TopLevel_i/mdm_1. (constraint file  auto generated constraint).
Applied set_property KEEP_HIERARCHY = SOFT for TopLevel_i/rst_clk_wiz_0_100M. (constraint file  auto generated constraint).
Applied set_property KEEP_HIERARCHY = SOFT for TopLevel_i/microblaze_0_axi_periph/xbar. (constraint file  auto generated constraint).
Applied set_property KEEP_HIERARCHY = SOFT for TopLevel_i/microblaze_0_axi_periph. (constraint file  auto generated constraint).
Applied set_property KEEP_HIERARCHY = SOFT for TopLevel_i/RSA_0. (constraint file  auto generated constraint).
---------------------------------------------------------------------------------
Finished applying 'set_property' XDC Constraints : Time (s): cpu = 00:00:24 ; elapsed = 00:00:25 . Memory (MB): peak = 1367.656 ; gain = 0.000
---------------------------------------------------------------------------------
---------------------------------------------------------------------------------
Finished RTL Optimization Phase 2 : Time (s): cpu = 00:00:24 ; elapsed = 00:00:25 . Memory (MB): peak = 1367.656 ; gain = 0.000
---------------------------------------------------------------------------------
---------------------------------------------------------------------------------
Start RTL Component Statistics 
---------------------------------------------------------------------------------
Detailed RTL Component Info : 
---------------------------------------------------------------------------------
Finished RTL Component Statistics 
---------------------------------------------------------------------------------
---------------------------------------------------------------------------------
Start Part Resource Summary
---------------------------------------------------------------------------------
Part Resources:
DSPs: 90 (col length:60)
BRAMs: 100 (col length: RAMB18 60 RAMB36 30)
---------------------------------------------------------------------------------
Finished Part Resource Summary
---------------------------------------------------------------------------------
---------------------------------------------------------------------------------
Start Cross Boundary and Area Optimization
---------------------------------------------------------------------------------
WARNING: [Synth 8-7080] Parallel synthesis criteria is not met
WARNING: [Synth 8-7129] Port M00_ACLK in module TopLevel_microblaze_0_axi_periph_0 is either unconnected or has no load
WARNING: [Synth 8-7129] Port M00_ARESETN in module TopLevel_microblaze_0_axi_periph_0 is either unconnected or has no load
WARNING: [Synth 8-7129] Port M01_ACLK in module TopLevel_microblaze_0_axi_periph_0 is either unconnected or has no load
WARNING: [Synth 8-7129] Port M01_ARESETN in module TopLevel_microblaze_0_axi_periph_0 is either unconnected or has no load
WARNING: [Synth 8-7129] Port S00_ACLK in module TopLevel_microblaze_0_axi_periph_0 is either unconnected or has no load
WARNING: [Synth 8-7129] Port S00_ARESETN in module TopLevel_microblaze_0_axi_periph_0 is either unconnected or has no load
WARNING: [Synth 8-7129] Port clk_ref_i in module TopLevel is either unconnected or has no load
WARNING: [Synth 8-7129] Port sys_clk_i in module TopLevel is either unconnected or has no load
---------------------------------------------------------------------------------
Finished Cross Boundary and Area Optimization : Time (s): cpu = 00:00:26 ; elapsed = 00:00:27 . Memory (MB): peak = 1367.656 ; gain = 0.000
---------------------------------------------------------------------------------
---------------------------------------------------------------------------------
Start Applying XDC Timing Constraints
---------------------------------------------------------------------------------
---------------------------------------------------------------------------------
Finished Applying XDC Timing Constraints : Time (s): cpu = 00:00:32 ; elapsed = 00:00:34 . Memory (MB): peak = 1367.656 ; gain = 0.000
---------------------------------------------------------------------------------
---------------------------------------------------------------------------------
Start Timing Optimization
---------------------------------------------------------------------------------
---------------------------------------------------------------------------------
Finished Timing Optimization : Time (s): cpu = 00:00:32 ; elapsed = 00:00:34 . Memory (MB): peak = 1367.656 ; gain = 0.000
---------------------------------------------------------------------------------
---------------------------------------------------------------------------------
Start Technology Mapping
---------------------------------------------------------------------------------
---------------------------------------------------------------------------------
Finished Technology Mapping : Time (s): cpu = 00:00:32 ; elapsed = 00:00:34 . Memory (MB): peak = 1371.918 ; gain = 4.262
---------------------------------------------------------------------------------
---------------------------------------------------------------------------------
Start IO Insertion
---------------------------------------------------------------------------------
---------------------------------------------------------------------------------
Start Flattening Before IO Insertion
---------------------------------------------------------------------------------
---------------------------------------------------------------------------------
Finished Flattening Before IO Insertion
---------------------------------------------------------------------------------
---------------------------------------------------------------------------------
Start Final Netlist Cleanup
---------------------------------------------------------------------------------
---------------------------------------------------------------------------------
Finished Final Netlist Cleanup
---------------------------------------------------------------------------------
---------------------------------------------------------------------------------
Finished IO Insertion : Time (s): cpu = 00:00:37 ; elapsed = 00:00:39 . Memory (MB): peak = 1376.645 ; gain = 8.988
---------------------------------------------------------------------------------
---------------------------------------------------------------------------------
Start Renaming Generated Instances
---------------------------------------------------------------------------------
---------------------------------------------------------------------------------
Finished Renaming Generated Instances : Time (s): cpu = 00:00:37 ; elapsed = 00:00:39 . Memory (MB): peak = 1376.645 ; gain = 8.988
---------------------------------------------------------------------------------
---------------------------------------------------------------------------------
Start Rebuilding User Hierarchy
---------------------------------------------------------------------------------
---------------------------------------------------------------------------------
Finished Rebuilding User Hierarchy : Time (s): cpu = 00:00:37 ; elapsed = 00:00:39 . Memory (MB): peak = 1376.645 ; gain = 8.988
---------------------------------------------------------------------------------
---------------------------------------------------------------------------------
Start Renaming Generated Ports
---------------------------------------------------------------------------------
---------------------------------------------------------------------------------
Finished Renaming Generated Ports : Time (s): cpu = 00:00:37 ; elapsed = 00:00:39 . Memory (MB): peak = 1376.645 ; gain = 8.988
---------------------------------------------------------------------------------
---------------------------------------------------------------------------------
Start Handling Custom Attributes
---------------------------------------------------------------------------------
---------------------------------------------------------------------------------
Finished Handling Custom Attributes : Time (s): cpu = 00:00:37 ; elapsed = 00:00:39 . Memory (MB): peak = 1376.645 ; gain = 8.988
---------------------------------------------------------------------------------
---------------------------------------------------------------------------------
Start Renaming Generated Nets
---------------------------------------------------------------------------------
---------------------------------------------------------------------------------
Finished Renaming Generated Nets : Time (s): cpu = 00:00:37 ; elapsed = 00:00:39 . Memory (MB): peak = 1376.645 ; gain = 8.988
---------------------------------------------------------------------------------
---------------------------------------------------------------------------------
Start Writing Synthesis Report
---------------------------------------------------------------------------------

Report BlackBoxes: 
+------+------------------------------+----------+
|      |BlackBox name                 |Instances |
+------+------------------------------+----------+
|1     |TopLevel_xbar_0               |         1|
|2     |TopLevel_RSA_0_1              |         1|
|3     |TopLevel_axi_uartlite_0_0     |         1|
|4     |TopLevel_clk_wiz_0_0          |         1|
|5     |TopLevel_mdm_1_0              |         1|
|6     |TopLevel_microblaze_0_0       |         1|
|7     |TopLevel_reset_inv_0_0        |         1|
|8     |TopLevel_rst_clk_wiz_0_100M_0 |         1|
|9     |TopLevel_dlmb_bram_if_cntlr_0 |         1|
|10    |TopLevel_dlmb_v10_0           |         1|
|11    |TopLevel_ilmb_bram_if_cntlr_0 |         1|
|12    |TopLevel_ilmb_v10_0           |         1|
|13    |TopLevel_lmb_bram_0           |         1|
+------+------------------------------+----------+

Report Cell Usage: 
+------+-----------------------------------+------+
|      |Cell                               |Count |
+------+-----------------------------------+------+
|1     |TopLevel_RSA_0_1_bbox              |     1|
|2     |TopLevel_axi_uartlite_0_0_bbox     |     1|
|3     |TopLevel_clk_wiz_0_0_bbox          |     1|
|4     |TopLevel_dlmb_bram_if_cntlr_0_bbox |     1|
|5     |TopLevel_dlmb_v10_0_bbox           |     1|
|6     |TopLevel_ilmb_bram_if_cntlr_0_bbox |     1|
|7     |TopLevel_ilmb_v10_0_bbox           |     1|
|8     |TopLevel_lmb_bram_0_bbox           |     1|
|9     |TopLevel_mdm_1_0_bbox              |     1|
|10    |TopLevel_microblaze_0_0_bbox       |     1|
|11    |TopLevel_reset_inv_0_0_bbox        |     1|
|12    |TopLevel_rst_clk_wiz_0_100M_0_bbox |     1|
|13    |TopLevel_xbar_0_bbox               |     1|
|14    |IBUF                               |     2|
|15    |OBUF                               |     1|
+------+-----------------------------------+------+
---------------------------------------------------------------------------------
Finished Writing Synthesis Report : Time (s): cpu = 00:00:37 ; elapsed = 00:00:39 . Memory (MB): peak = 1376.645 ; gain = 8.988
---------------------------------------------------------------------------------
Synthesis finished with 0 errors, 0 critical warnings and 9 warnings.
Synthesis Optimization Runtime : Time (s): cpu = 00:00:20 ; elapsed = 00:00:34 . Memory (MB): peak = 1376.645 ; gain = 8.988
Synthesis Optimization Complete : Time (s): cpu = 00:00:38 ; elapsed = 00:00:39 . Memory (MB): peak = 1376.645 ; gain = 8.988
INFO: [Project 1-571] Translating synthesized netlist
Netlist sorting complete. Time (s): cpu = 00:00:00 ; elapsed = 00:00:00.021 . Memory (MB): peak = 1388.668 ; gain = 0.000
INFO: [Project 1-570] Preparing netlist for logic optimization
INFO: [Opt 31-138] Pushed 0 inverter(s) to 0 load pin(s).
Netlist sorting complete. Time (s): cpu = 00:00:00 ; elapsed = 00:00:00 . Memory (MB): peak = 1401.219 ; gain = 0.000
INFO: [Project 1-111] Unisim Transformation Summary:
No Unisim elements were transformed.

Synth Design complete, checksum: 1ff32cd7
INFO: [Common 17-83] Releasing license: Synthesis
61 Infos, 31 Warnings, 0 Critical Warnings and 0 Errors encountered.
synth_design completed successfully
synth_design: Time (s): cpu = 00:00:47 ; elapsed = 00:00:49 . Memory (MB): peak = 1401.219 ; gain = 33.562
INFO: [Common 17-1381] The checkpoint 'C:/Users/pr3de/Documents/MASA/ECE475Project/ECE475Project.runs/synth_1/TopLevel_wrapper.dcp' has been generated.
INFO: [runtcl-4] Executing : report_utilization -file TopLevel_wrapper_utilization_synth.rpt -pb TopLevel_wrapper_utilization_synth.pb
INFO: [Common 17-206] Exiting Vivado at Mon Nov 29 17:12:22 2021...
