Copyright 1986-2021 Xilinx, Inc. All Rights Reserved.
------------------------------------------------------------------------------------
| Tool Version : Vivado v.2021.2 (win64) Build 3367213 Tue Oct 19 02:48:09 MDT 2021
| Date         : Mon Nov 29 00:29:21 2021
| Host         : DESKTOP-196RP5R running 64-bit major release  (build 9200)
| Command      : upgrade_ip
| Device       : xc7a35ticsg324-1L
------------------------------------------------------------------------------------

Upgrade Log for IP 'TopLevel_RSA_0_1'

1. Summary
----------

SUCCESS in the upgrade of TopLevel_RSA_0_1 (xilinx.com:user:RSA:1.0) from (Rev. 1) to (Rev. 3)






Copyright 1986-2021 Xilinx, Inc. All Rights Reserved.
------------------------------------------------------------------------------------
| Tool Version : Vivado v.2021.2 (win64) Build 3367213 Tue Oct 19 02:48:09 MDT 2021
| Date         : Mon Nov 29 00:12:29 2021
| Host         : DESKTOP-196RP5R running 64-bit major release  (build 9200)
| Command      : upgrade_ip
| Device       : xc7a35ticsg324-1L
------------------------------------------------------------------------------------

Upgrade Log for IP 'TopLevel_RSA_0_1'

1. Summary
----------

SUCCESS in the conversion of TopLevel_RSA_0_1 (xilinx.com:user:RSA:1.0 (Rev. 1)) to Vivado generation flows.






Copyright 1986-2021 Xilinx, Inc. All Rights Reserved.
------------------------------------------------------------------------------------
| Tool Version : Vivado v.2021.2 (win64) Build 3367213 Tue Oct 19 02:48:09 MDT 2021
| Date         : Sun Nov 28 12:34:56 2021
| Host         : DESKTOP-196RP5R running 64-bit major release  (build 9200)
| Command      : upgrade_ip
| Device       : xc7a35ticsg324-1L
------------------------------------------------------------------------------------

Upgrade Log for IP 'TopLevel_RSA_0_1'

1. Summary
----------

SUCCESS in the conversion of TopLevel_RSA_0_1 (xilinx.com:user:RSA:1.0 (Rev. 1)) to Vivado generation flows.






Copyright 1986-2021 Xilinx, Inc. All Rights Reserved.
------------------------------------------------------------------------------------
| Tool Version : Vivado v.2021.2 (win64) Build 3367213 Tue Oct 19 02:48:09 MDT 2021
| Date         : Sun Nov 28 11:32:46 2021
| Host         : DESKTOP-196RP5R running 64-bit major release  (build 9200)
| Command      : upgrade_ip
| Device       : xc7a35ticsg324-1L
------------------------------------------------------------------------------------

Upgrade Log for IP 'TopLevel_RSA_0_1'

1. Summary
----------

SUCCESS in the conversion of TopLevel_RSA_0_1 (xilinx.com:user:RSA:1.0 (Rev. 1)) to Vivado generation flows.

